# JRE version: OpenJDK Runtime Environment Corretto-11.0.19.7.1 (11.0.19+7) (build 11.0.19+7-LTS)
# Java VM: OpenJDK 64-Bit Server VM Corretto-11.0.19.7.1 (11.0.19+7-LTS, mixed mode, tiered, compressed oops, g1 gc, windows-amd64)
Heap:
 garbage-first heap   total 262144K, used 50316K [0x00000000e0000000, 0x0000000100000000)
  region size 1024K, 39 young (39936K), 1 survivors (1024K)
 Metaspace       used 28117K, capacity 29039K, committed 29184K, reserved 1075200K
  class space    used 3231K, capacity 3582K, committed 3584K, reserved 1048576K
GC Heap History (6 events):
Event: 0.763 GC heap before
{Heap before GC invocations=0 (full 0):
 garbage-first heap   total 262144K, used 23552K [0x00000000e0000000, 0x0000000100000000)
  region size 1024K, 24 young (24576K), 0 survivors (0K)
 Metaspace       used 13248K, capacity 13585K, committed 13824K, reserved 1060864K
  class space    used 1373K, capacity 1474K, committed 1536K, reserved 1048576K
}
Event: 0.768 GC heap after
{Heap after GC invocations=1 (full 0):
 garbage-first heap   total 262144K, used 6705K [0x00000000e0000000, 0x0000000100000000)
  region size 1024K, 3 young (3072K), 3 survivors (3072K)
 Metaspace       used 13248K, capacity 13585K, committed 13824K, reserved 1060864K
  class space    used 1373K, capacity 1474K, committed 1536K, reserved 1048576K
}
Event: 1.461 GC heap before
{Heap before GC invocations=1 (full 0):
 garbage-first heap   total 262144K, used 48689K [0x00000000e0000000, 0x0000000100000000)
  region size 1024K, 45 young (46080K), 3 survivors (3072K)
 Metaspace       used 20527K, capacity 21127K, committed 21248K, reserved 1069056K
  class space    used 2228K, capacity 2467K, committed 2560K, reserved 1048576K
}
Event: 1.472 GC heap after
{Heap after GC invocations=2 (full 0):
 garbage-first heap   total 262144K, used 11591K [0x00000000e0000000, 0x0000000100000000)
  region size 1024K, 8 young (8192K), 8 survivors (8192K)
 Metaspace       used 20527K, capacity 21127K, committed 21248K, reserved 1069056K
  class space    used 2228K, capacity 2467K, committed 2560K, reserved 1048576K
}
Event: 1.616 GC heap before
{Heap before GC invocations=3 (full 0):
 garbage-first heap   total 262144K, used 23879K [0x00000000e0000000, 0x0000000100000000)
  region size 1024K, 20 young (20480K), 8 survivors (8192K)
 Metaspace       used 21769K, capacity 22427K, committed 22784K, reserved 1069056K
  class space    used 2428K, capacity 2712K, committed 2816K, reserved 1048576K
}
Event: 1.622 GC heap after
{Heap after GC invocations=4 (full 0):
 garbage-first heap   total 262144K, used 12428K [0x00000000e0000000, 0x0000000100000000)
  region size 1024K, 1 young (1024K), 1 survivors (1024K)
 Metaspace       used 21769K, capacity 22427K, committed 22784K, reserved 1069056K
  class space    used 2428K, capacity 2712K, committed 2816K, reserved 1048576K
}

